<?xml version="1.0" encoding="UTF-8"?>
<testng-results skipped="0" failed="0" total="1" passed="1">
  <reporter-output>
  </reporter-output>
  <suite name="Default suite" duration-ms="17231" started-at="2018-10-22T12:15:37Z" finished-at="2018-10-22T12:15:54Z">
    <groups>
    </groups>
    <test name="Default test" duration-ms="17231" started-at="2018-10-22T12:15:37Z" finished-at="2018-10-22T12:15:54Z">
      <class name="MultipleWindowHandle">
        <test-method status="PASS" signature="TestPopUp()[pri:0, instance:MultipleWindowHandle@100fc185]" name="TestPopUp" duration-ms="17196" started-at="2018-10-22T05:15:37Z" finished-at="2018-10-22T05:15:54Z">
          <reporter-output>
          </reporter-output>
        </test-method> <!-- TestPopUp -->
      </class> <!-- MultipleWindowHandle -->
    </test> <!-- Default test -->
  </suite> <!-- Default suite -->
</testng-results>
